[    0.000000] Linux version 4.15.0-136-generic (buildd@lcy01-amd64-029) (gcc version 7.5.0 (Ubuntu 7.5.0-3ubuntu1~18.04)) #140-Ubuntu SMP Thu Jan 28 05:20:47 UTC 2021 (Ubuntu 4.15.0-136.140-generic 4.15.18)
[    0.000000] Command line: BOOT_IMAGE=/boot/vmlinuz-4.15.0-136-generic root=LABEL=cloudimg-rootfs ro console=tty1 console=ttyS0
[    0.000000] KERNEL supported cpus:
[    0.000000]   Intel GenuineIntel
[    0.000000]   AMD AuthenticAMD
[    0.000000]   Centaur CentaurHauls
[    0.000000] x86/fpu: Supporting XSAVE feature 0x001: 'x87 floating point registers'
[    0.000000] x86/fpu: Supporting XSAVE feature 0x002: 'SSE registers'
[    0.000000] x86/fpu: Supporting XSAVE feature 0x004: 'AVX registers'
[    0.000000] x86/fpu: xstate_offset[2]:  576, xstate_sizes[2]:  256
[    0.000000] x86/fpu: Enabled xstate features 0x7, context size is 832 bytes, using 'standard' format.
[    0.000000] e820: BIOS-provided physical RAM map:
[    0.000000] BIOS-e820: [mem 0x0000000000000000-0x000000000009fbff] usable
[    0.000000] BIOS-e820: [mem 0x000000000009fc00-0x000000000009ffff] reserved
[    0.000000] BIOS-e820: [mem 0x00000000000f0000-0x00000000000fffff] reserved
[    0.000000] BIOS-e820: [mem 0x0000000000100000-0x000000003ffeffff] usable
[    0.000000] BIOS-e820: [mem 0x000000003fff0000-0x000000003fffffff] ACPI data
[    0.000000] BIOS-e820: [mem 0x00000000fec00000-0x00000000fec00fff] reserved
[    0.000000] BIOS-e820: [mem 0x00000000fee00000-0x00000000fee00fff] reserved
[    0.000000] BIOS-e820: [mem 0x00000000fffc0000-0x00000000ffffffff] reserved
[    0.000000] NX (Execute Disable) protection: active
[    0.000000] SMBIOS 2.5 present.
[    0.000000] DMI: innotek GmbH VirtualBox/VirtualBox, BIOS VirtualBox 12/01/2006
[    0.000000] Hypervisor detected: KVM
[    0.000000] e820: last_pfn = 0x3fff0 max_arch_pfn = 0x400000000
[    0.000000] MTRR: Disabled
[    0.000000] x86/PAT: MTRRs disabled, skipping PAT initialization too.
[    0.000000] CPU MTRRs all blank - virtualized system.
[    0.000000] x86/PAT: Configuration [0-7]: WB  WT  UC- UC  WB  WT  UC- UC  
[    0.000000] found SMP MP-table at [mem 0x0009fff0-0x0009ffff]
[    0.000000] Scanning 1 areas for low memory corruption
[    0.000000] RAMDISK: [mem 0x35a61000-0x36d27fff]
[    0.000000] ACPI: Early table checksum verification disabled
[    0.000000] ACPI: RSDP 0x00000000000E0000 000024 (v02 VBOX  )
[    0.000000] ACPI: XSDT 0x000000003FFF0030 00003C (v01 VBOX   VBOXXSDT 00000001 ASL  00000061)
[    0.000000] ACPI: FACP 0x000000003FFF00F0 0000F4 (v04 VBOX   VBOXFACP 00000001 ASL  00000061)
[    0.000000] ACPI: DSDT 0x000000003FFF0470 002325 (v02 VBOX   VBOXBIOS 00000002 INTL 20100528)
[    0.000000] ACPI: FACS 0x000000003FFF0200 000040
[    0.000000] ACPI: FACS 0x000000003FFF0200 000040
[    0.000000] ACPI: APIC 0x000000003FFF0240 00005C (v02 VBOX   VBOXAPIC 00000001 ASL  00000061)
[    0.000000] ACPI: SSDT 0x000000003FFF02A0 0001CC (v01 VBOX   VBOXCPUT 00000002 INTL 20100528)
[    0.000000] No NUMA configuration found
[    0.000000] Faking a node at [mem 0x0000000000000000-0x000000003ffeffff]
[    0.000000] NODE_DATA(0) allocated [mem 0x3ffc5000-0x3ffeffff]
[    0.000000] kvm-clock: cpu 0, msr 0:3ff44001, primary cpu clock
[    0.000000] kvm-clock: Using msrs 4b564d01 and 4b564d00
[    0.000000] kvm-clock: using sched offset of 3665694748 cycles
[    0.000000] clocksource: kvm-clock: mask: 0xffffffffffffffff max_cycles: 0x1cd42e4dffb, max_idle_ns: 881590591483 ns
[    0.000000] Zone ranges:
[    0.000000]   DMA      [mem 0x0000000000001000-0x0000000000ffffff]
[    0.000000]   DMA32    [mem 0x0000000001000000-0x000000003ffeffff]
[    0.000000]   Normal   empty
[    0.000000]   Device   empty
[    0.000000] Movable zone start for each node
[    0.000000] Early memory node ranges
[    0.000000]   node   0: [mem 0x0000000000001000-0x000000000009efff]
[    0.000000]   node   0: [mem 0x0000000000100000-0x000000003ffeffff]
[    0.000000] Reserved but unavailable: 98 pages
[    0.000000] Initmem setup node 0 [mem 0x0000000000001000-0x000000003ffeffff]
[    0.000000] ACPI: PM-Timer IO Port: 0x4008
[    0.000000] IOAPIC[0]: apic_id 2, version 32, address 0xfec00000, GSI 0-23
[    0.000000] ACPI: INT_SRC_OVR (bus 0 bus_irq 0 global_irq 2 dfl dfl)
[    0.000000] ACPI: INT_SRC_OVR (bus 0 bus_irq 9 global_irq 9 low level)
[    0.000000] Using ACPI (MADT) for SMP configuration information
[    0.000000] smpboot: Allowing 2 CPUs, 0 hotplug CPUs
[    0.000000] PM: Registered nosave memory: [mem 0x00000000-0x00000fff]
[    0.000000] PM: Registered nosave memory: [mem 0x0009f000-0x0009ffff]
[    0.000000] PM: Registered nosave memory: [mem 0x000a0000-0x000effff]
[    0.000000] PM: Registered nosave memory: [mem 0x000f0000-0x000fffff]
[    0.000000] e820: [mem 0x40000000-0xfebfffff] available for PCI devices
[    0.000000] Booting paravirtualized kernel on KVM
[    0.000000] clocksource: refined-jiffies: mask: 0xffffffff max_cycles: 0xffffffff, max_idle_ns: 7645519600211568 ns
[    0.000000] random: get_random_bytes called from start_kernel+0x99/0x500 with crng_init=0
[    0.000000] setup_percpu: NR_CPUS:8192 nr_cpumask_bits:2 nr_cpu_ids:2 nr_node_ids:1
[    0.000000] percpu: Embedded 45 pages/cpu s147456 r8192 d28672 u1048576
[    0.000000] PV qspinlock hash table entries: 256 (order: 0, 4096 bytes)
[    0.000000] Built 1 zonelists, mobility grouping on.  Total pages: 257913
[    0.000000] Policy zone: DMA32
[    0.000000] Kernel command line: BOOT_IMAGE=/boot/vmlinuz-4.15.0-136-generic root=LABEL=cloudimg-rootfs ro console=tty1 console=ttyS0
[    0.000000] Memory: 983016K/1048120K available (12300K kernel code, 2482K rwdata, 4276K rodata, 2440K init, 2724K bss, 65104K reserved, 0K cma-reserved)
[    0.000000] SLUB: HWalign=64, Order=0-3, MinObjects=0, CPUs=2, Nodes=1
[    0.000000] Kernel/User page tables isolation: enabled
[    0.000000] ftrace: allocating 39427 entries in 155 pages
[    0.004000] Hierarchical RCU implementation.
[    0.004000] 	RCU restricting CPUs from NR_CPUS=8192 to nr_cpu_ids=2.
[    0.004000] 	Tasks RCU enabled.
[    0.004000] RCU: Adjusting geometry for rcu_fanout_leaf=16, nr_cpu_ids=2
[    0.004000] NR_IRQS: 524544, nr_irqs: 440, preallocated irqs: 16
[    0.004000] Console: colour VGA+ 80x25
[    0.004000] console [tty1] enabled
[    0.004000] console [ttyS0] enabled
[    0.004000] ACPI: Core revision 20170831
[    0.004000] ACPI: 2 ACPI AML tables successfully acquired and loaded
[    0.004000] APIC: Switch to symmetric I/O mode setup
[    0.004000] x2apic enabled
[    0.004000] Switched APIC routing to physical x2apic.
[    0.004000] ..TIMER: vector=0x30 apic1=0 pin1=2 apic2=-1 pin2=-1
[    0.004000] tsc: Detected 2112.000 MHz processor
[    0.004006] Calibrating delay loop (skipped) preset value.. 4224.00 BogoMIPS (lpj=8448000)
[    0.005205] pid_max: default: 32768 minimum: 301
[    0.005933] Security Framework initialized
[    0.006543] Yama: becoming mindful.
[    0.007084] AppArmor: AppArmor initialized
[    0.011500] Dentry cache hash table entries: 131072 (order: 8, 1048576 bytes)
[    0.012041] Inode-cache hash table entries: 65536 (order: 7, 524288 bytes)
[    0.013002] Mount-cache hash table entries: 2048 (order: 2, 16384 bytes)
[    0.013928] Mountpoint-cache hash table entries: 2048 (order: 2, 16384 bytes)
[    0.015133] Last level iTLB entries: 4KB 64, 2MB 8, 4MB 8
[    0.016001] Last level dTLB entries: 4KB 64, 2MB 0, 4MB 0, 1GB 4
[    0.017062] Spectre V1 : Mitigation: usercopy/swapgs barriers and __user pointer sanitization
[    0.018731] Spectre V2 : Mitigation: Full generic retpoline
[    0.020001] Spectre V2 : Spectre v2 / SpectreRSB mitigation: Filling RSB on context switch
[    0.021295] Speculative Store Bypass: Vulnerable
[    0.021993] SRBDS: Unknown: Dependent on hypervisor status
[    0.022793] MDS: Mitigation: Clear CPU buffers
[    0.024140] Freeing SMP alternatives memory: 36K
[    0.135023] smpboot: CPU0: Intel(R) Core(TM) i7-8650U CPU @ 1.90GHz (family: 0x6, model: 0x8e, stepping: 0xa)
[    0.136000] Performance Events: unsupported p6 CPU model 142 no PMU driver, software events only.
[    0.136000] Hierarchical SRCU implementation.
[    0.136540] NMI watchdog: Perf event create on CPU 0 failed with -2
[    0.137428] NMI watchdog: Perf NMI watchdog permanently disabled
[    0.138315] smp: Bringing up secondary CPUs ...
[    0.139039] x86: Booting SMP configuration:
[    0.140002] .... node  #0, CPUs:      #1
[    0.004000] kvm-clock: cpu 1, msr 0:3ff44041, secondary cpu clock
[    0.144015] smp: Brought up 1 node, 2 CPUs
[    0.144885] smpboot: Max logical packages: 1
[    0.145764] smpboot: Total of 2 processors activated (8448.00 BogoMIPS)
[    0.146862] devtmpfs: initialized
[    0.146862] x86/mm: Memory block size: 128MB
[    0.148122] evm: security.selinux
[    0.148645] evm: security.SMACK64
[    0.149163] evm: security.SMACK64EXEC
[    0.149691] evm: security.SMACK64TRANSMUTE
[    0.150295] evm: security.SMACK64MMAP
[    0.150834] evm: security.apparmor
[    0.151344] evm: security.ima
[    0.152001] evm: security.capability
[    0.152562] clocksource: jiffies: mask: 0xffffffff max_cycles: 0xffffffff, max_idle_ns: 7645041785100000 ns
[    0.153378] futex hash table entries: 512 (order: 3, 32768 bytes)
[    0.156018] pinctrl core: initialized pinctrl subsystem
[    0.156851] RTC time: 17:27:37, date: 03/15/21
[    0.157621] NET: Registered protocol family 16
[    0.160056] audit: initializing netlink subsys (disabled)
[    0.160843] audit: type=2000 audit(1615829262.948:1): state=initialized audit_enabled=0 res=1
[    0.161801] cpuidle: using governor ladder
[    0.161801] cpuidle: using governor menu
[    0.164031] ACPI: bus type PCI registered
[    0.164623] acpiphp: ACPI Hot Plug PCI Controller Driver version: 0.5
[    0.165624] PCI: Using configuration type 1 for base access
[    0.168018] HugeTLB registered 2.00 MiB page size, pre-allocated 0 pages
[    0.169022] ACPI: Added _OSI(Module Device)
[    0.169022] ACPI: Added _OSI(Processor Device)
[    0.169376] ACPI: Added _OSI(3.0 _SCP Extensions)
[    0.170088] ACPI: Added _OSI(Processor Aggregator Device)
[    0.170869] ACPI: Added _OSI(Linux-Dell-Video)
[    0.172003] ACPI: Added _OSI(Linux-Lenovo-NV-HDMI-Audio)
[    0.172766] ACPI: Added _OSI(Linux-HPI-Hybrid-Graphics)
[    0.173775] ACPI: Executed 1 blocks of module-level executable AML code
[    0.177633] ACPI: Interpreter enabled
[    0.178212] ACPI: (supports S0 S5)
[    0.178739] ACPI: Using IOAPIC for interrupt routing
[    0.180195] PCI: Using host bridge windows from ACPI; if necessary, use "pci=nocrs" and report a bug
[    0.181628] ACPI: Enabled 2 GPEs in block 00 to 07
[    0.187816] ACPI: PCI Root Bridge [PCI0] (domain 0000 [bus 00-ff])
[    0.188005] acpi PNP0A03:00: _OSC: OS supports [ASPM ClockPM Segments MSI]
[    0.189792] acpi PNP0A03:00: _OSC: not requesting OS control; OS requires [ExtendedConfig ASPM ClockPM MSI]
[    0.191303] acpi PNP0A03:00: fail to add MMCONFIG information, can't access extended PCI configuration space under this bridge.
[    0.192338] PCI host bridge to bus 0000:00
[    0.192953] pci_bus 0000:00: root bus resource [io  0x0000-0x0cf7 window]
[    0.193902] pci_bus 0000:00: root bus resource [io  0x0d00-0xffff window]
[    0.196002] pci_bus 0000:00: root bus resource [mem 0x000a0000-0x000bffff window]
[    0.197096] pci_bus 0000:00: root bus resource [mem 0x40000000-0xfdffffff window]
[    0.198180] pci_bus 0000:00: root bus resource [bus 00-ff]
[    0.201490] pci 0000:00:01.1: legacy IDE quirk: reg 0x10: [io  0x01f0-0x01f7]
[    0.202491] pci 0000:00:01.1: legacy IDE quirk: reg 0x14: [io  0x03f6]
[    0.203414] pci 0000:00:01.1: legacy IDE quirk: reg 0x18: [io  0x0170-0x0177]
[    0.204002] pci 0000:00:01.1: legacy IDE quirk: reg 0x1c: [io  0x0376]
[    0.216449] pci 0000:00:07.0: quirk: [io  0x4000-0x403f] claimed by PIIX4 ACPI
[    0.217731] pci 0000:00:07.0: quirk: [io  0x4100-0x410f] claimed by PIIX4 SMB
[    0.222743] ACPI: PCI Interrupt Link [LNKA] (IRQs 5 9 10 *11)
[    0.224070] ACPI: PCI Interrupt Link [LNKB] (IRQs 5 9 *10 11)
[    0.225041] ACPI: PCI Interrupt Link [LNKC] (IRQs 5 *9 10 11)
[    0.225990] ACPI: PCI Interrupt Link [LNKD] (IRQs 5 9 10 *11)
[    0.227092] SCSI subsystem initialized
[    0.228030] pci 0000:00:02.0: vgaarb: setting as boot VGA device
[    0.228891] pci 0000:00:02.0: vgaarb: VGA device added: decodes=io+mem,owns=io+mem,locks=none
[    0.230127] pci 0000:00:02.0: vgaarb: bridge control possible
[    0.230956] vgaarb: loaded
[    0.231408] ACPI: bus type USB registered
[    0.232023] usbcore: registered new interface driver usbfs
[    0.232816] usbcore: registered new interface driver hub
[    0.233597] usbcore: registered new device driver usb
[    0.234398] EDAC MC: Ver: 3.0.0
[    0.234398] PCI: Using ACPI for IRQ routing
[    0.236218] NetLabel: Initializing
[    0.236745] NetLabel:  domain hash size = 128
[    0.237398] NetLabel:  protocols = UNLABELED CIPSOv4 CALIPSO
[    0.238224] NetLabel:  unlabeled traffic allowed by default
[    0.239033] clocksource: Switched to clocksource kvm-clock
[    0.252678] VFS: Disk quotas dquot_6.6.0
[    0.253616] VFS: Dquot-cache hash table entries: 512 (order 0, 4096 bytes)
[    0.255094] AppArmor: AppArmor Filesystem Enabled
[    0.256022] pnp: PnP ACPI init
[    0.257559] pnp: PnP ACPI: found 3 devices
[    0.267235] clocksource: acpi_pm: mask: 0xffffff max_cycles: 0xffffff, max_idle_ns: 2085701024 ns
[    0.268581] NET: Registered protocol family 2
[    0.269562] TCP established hash table entries: 8192 (order: 4, 65536 bytes)
[    0.271004] TCP bind hash table entries: 8192 (order: 5, 131072 bytes)
[    0.274626] TCP: Hash tables configured (established 8192 bind 8192)
[    0.275519] UDP hash table entries: 512 (order: 2, 16384 bytes)
[    0.276378] UDP-Lite hash table entries: 512 (order: 2, 16384 bytes)
[    0.277298] NET: Registered protocol family 1
[    0.277956] pci 0000:00:00.0: Limiting direct PCI/PCI transfers
[    0.278820] pci 0000:00:01.0: Activating ISA DMA hang workarounds
[    0.279725] pci 0000:00:02.0: Video device with shadowed ROM at [mem 0x000c0000-0x000dffff]
[    0.281026] Unpacking initramfs...
[    0.574763] Freeing initrd memory: 19228K
[    0.575792] clocksource: tsc: mask: 0xffffffffffffffff max_cycles: 0x1e71785e5dd, max_idle_ns: 440795244814 ns
[    0.577581] platform rtc_cmos: registered platform RTC device (no PNP device found)
[    0.578670] Scanning for low memory corruption every 60 seconds
[    0.580413] Initialise system trusted keyrings
[    0.581332] Key type blacklist registered
[    0.582353] workingset: timestamp_bits=36 max_order=18 bucket_order=0
[    0.584414] zbud: loaded
[    0.585647] squashfs: version 4.0 (2009/01/31) Phillip Lougher
[    0.586683] fuse init (API version 7.26)
[    0.589444] Key type asymmetric registered
[    0.590137] Asymmetric key parser 'x509' registered
[    0.591198] Block layer SCSI generic (bsg) driver version 0.4 loaded (major 246)
[    0.592744] io scheduler noop registered
[    0.593487] io scheduler deadline registered
[    0.594366] io scheduler cfq registered (default)
[    0.595405] ACPI: AC Adapter [AC] (on-line)
[    0.596083] input: Power Button as /devices/LNXSYSTM:00/LNXPWRBN:00/input/input0
[    0.597251] ACPI: Power Button [PWRF]
[    0.597893] input: Sleep Button as /devices/LNXSYSTM:00/LNXSLPBN:00/input/input1
[    0.598989] ACPI: Sleep Button [SLPF]
[    0.600496] ACPI: Battery Slot [BAT0] (battery present)
[    0.601424] Serial: 8250/16550 driver, 32 ports, IRQ sharing enabled
[    0.623054] 00:02: ttyS0 at I/O 0x3f8 (irq = 4, base_baud = 115200) is a 16550A
[    0.628340] Linux agpgart interface v0.103
[    0.630347] loop: module loaded
[    0.631393] scsi host0: ata_piix
[    0.632091] scsi host1: ata_piix
[    0.632643] ata1: PATA max UDMA/33 cmd 0x1f0 ctl 0x3f6 bmdma 0xd000 irq 14
[    0.633642] ata2: PATA max UDMA/33 cmd 0x170 ctl 0x376 bmdma 0xd008 irq 15
[    0.634908] libphy: Fixed MDIO Bus: probed
[    0.635642] tun: Universal TUN/TAP device driver, 1.6
[    0.636555] PPP generic driver version 2.4.2
[    0.637375] ehci_hcd: USB 2.0 'Enhanced' Host Controller (EHCI) Driver
[    0.638335] ehci-pci: EHCI PCI platform driver
[    0.639018] ehci-platform: EHCI generic platform driver
[    0.639800] ohci_hcd: USB 1.1 'Open' Host Controller (OHCI) Driver
[    0.640768] ohci-pci: OHCI PCI platform driver
[    0.641434] ohci-platform: OHCI generic platform driver
[    0.642223] uhci_hcd: USB Universal Host Controller Interface driver
[    0.643200] i8042: PNP: PS/2 Controller [PNP0303:PS2K,PNP0f03:PS2M] at 0x60,0x64 irq 1,12
[    0.644901] serio: i8042 KBD port at 0x60,0x64 irq 1
[    0.645669] serio: i8042 AUX port at 0x60,0x64 irq 12
[    0.646597] mousedev: PS/2 mouse device common for all mice
[    0.647960] input: AT Translated Set 2 keyboard as /devices/platform/i8042/serio0/input/input2
[    0.649353] rtc_cmos rtc_cmos: rtc core: registered rtc_cmos as rtc0
[    0.650902] rtc_cmos rtc_cmos: alarms up to one day, 114 bytes nvram
[    0.652178] i2c /dev entries driver
[    0.652913] device-mapper: uevent: version 1.0.3
[    0.653647] device-mapper: ioctl: 4.37.0-ioctl (2017-09-20) initialised: dm-devel@redhat.com
[    0.654996] ledtrig-cpu: registered to indicate activity on CPUs
[    0.656400] NET: Registered protocol family 10
[    0.660403] Segment Routing with IPv6
[    0.661254] NET: Registered protocol family 17
[    0.662135] Key type dns_resolver registered
[    0.662983] mce: Using 0 MCE banks
[    0.663532] RAS: Correctable Errors collector initialized.
[    0.664346] sched_clock: Marking stable (664333921, 0)->(816193153, -151859232)
[    0.665695] registered taskstats version 1
[    0.666316] Loading compiled-in X.509 certificates
[    0.669191] Loaded X.509 cert 'Build time autogenerated kernel key: c356b48d5f070be9e15fb09bbd57426939f0386e'
[    0.670648] zswap: loaded using pool lzo/zbud
[    0.675112] Key type big_key registered
[    0.676062] Key type trusted registered
[    0.678327] Key type encrypted registered
[    0.679248] AppArmor: AppArmor sha1 policy hashing enabled
[    0.680249] ima: No TPM chip found, activating TPM-bypass! (rc=-19)
[    0.681555] ima: Allocated hash algorithm: sha1
[    0.682418] evm: HMAC attrs: 0x1
[    0.683114]   Magic number: 13:836:491
[    0.683797] rtc_cmos rtc_cmos: setting system clock to 2021-03-15 17:27:38 UTC (1615829258)
[    0.685262] BIOS EDD facility v0.16 2004-Jun-25, 0 devices found
[    0.686107] EDD information not available.
[    0.817516] Freeing unused kernel image memory: 2440K
[    0.832369] Write protecting the kernel read-only data: 20480k
[    0.834576] Freeing unused kernel image memory: 2008K
[    0.835932] Freeing unused kernel image memory: 1868K
[    0.841887] x86/mm: Checked W+X mappings: passed, no W+X pages found.
[    0.843333] x86/mm: Checking user space page tables
[    0.849025] x86/mm: Checked W+X mappings: passed, no W+X pages found.
Loading, please wait...
starting version 237
[    0.906307] Fusion MPT base driver 3.04.20
[    0.907117] Copyright (c) 1999-2008 LSI Corporation
[    0.911632] e1000: Intel(R) PRO/1000 Network Driver - version 7.3.21-k8-NAPI
[    0.913142] e1000: Copyright (c) 1999-2006 Intel Corporation.
[    0.918774] Fusion MPT SPI Host driver 3.04.20
[    0.921858] AVX2 version of gcm_enc/dec engaged.
[    0.922878] AES CTR mode by8 optimization enabled
[    1.112504] input: ImExPS/2 Generic Explorer Mouse as /devices/platform/i8042/serio1/input/input4
[    1.287644] e1000 0000:00:03.0 eth0: (PCI:33MHz:32-bit) 02:c3:31:86:ce:e2
[    1.289170] e1000 0000:00:03.0 eth0: Intel(R) PRO/1000 Network Connection
[    1.291071] mptbase: ioc0: Initiating bringup
[    1.291154] e1000 0000:00:03.0 enp0s3: renamed from eth0
[    2.156380] ioc0: LSI53C1030 A0: Capabilities={Initiator}
[    5.562307] scsi host2: ioc0: LSI53C1030 A0, FwRev=00000000h, Ports=1, MaxQ=256, IRQ=20
[    7.584337] scsi 2:0:0:0: Direct-Access     VBOX     HARDDISK         1.0  PQ: 0 ANSI: 5
[    8.176092] scsi target2:0:0: Beginning Domain Validation
[    8.178151] scsi target2:0:0: Domain Validation skipping write tests
[    8.179383] scsi target2:0:0: Ending Domain Validation
[    8.180571] scsi target2:0:0: asynchronous
[    8.181692] scsi 2:0:1:0: Direct-Access     VBOX     HARDDISK         1.0  PQ: 0 ANSI: 5
[    9.181301] scsi target2:0:1: Beginning Domain Validation
[    9.183474] random: fast init done
[    9.184064] scsi target2:0:1: Domain Validation skipping write tests
[    9.184973] scsi target2:0:1: Ending Domain Validation
[    9.185744] scsi target2:0:1: asynchronous
[    9.189769] random: systemd-udevd: uninitialized urandom read (16 bytes read)
[    9.189771] sd 2:0:0:0: Attached scsi generic sg0 type 0
[    9.190975] random: systemd-udevd: uninitialized urandom read (16 bytes read)
[    9.192106] sd 2:0:1:0: Attached scsi generic sg1 type 0
[    9.193205] random: systemd-udevd: uninitialized urandom read (16 bytes read)
[    9.194314] sd 2:0:0:0: [sda] 83886080 512-byte logical blocks: (42.9 GB/40.0 GiB)
[    9.196706] sd 2:0:0:0: [sda] Write Protect is off
[    9.197823] sd 2:0:0:0: [sda] Incomplete mode parameter data
[    9.197891] sd 2:0:1:0: [sdb] 20480 512-byte logical blocks: (10.5 MB/10.0 MiB)
[    9.198683] sd 2:0:0:0: [sda] Assuming drive cache: write through
[    9.201169] sd 2:0:1:0: [sdb] Write Protect is off
[    9.202361] sd 2:0:1:0: [sdb] Incomplete mode parameter data
[    9.203569] sd 2:0:1:0: [sdb] Assuming drive cache: write through
[    9.205315]  sda: sda1
[    9.206576] sd 2:0:0:0: [sda] Attached SCSI disk
[    9.210852] sd 2:0:1:0: [sdb] Attached SCSI disk
Begin: Loading essential drivers ... [   10.960261] raid6: sse2x1   gen()  9112 MB/s
[   11.008373] raid6: sse2x1   xor()  7329 MB/s
[   11.056009] raid6: sse2x2   gen() 12521 MB/s
[   11.104136] raid6: sse2x2   xor()  8465 MB/s
[   11.152265] raid6: sse2x4   gen() 14496 MB/s
[   11.200437] raid6: sse2x4   xor()  8775 MB/s
[   11.248068] raid6: avx2x1   gen() 19566 MB/s
[   11.296179] raid6: avx2x1   xor() 14595 MB/s
[   11.344349] raid6: avx2x2   gen() 25376 MB/s
[   11.392011] raid6: avx2x2   xor() 15875 MB/s
[   11.441531] raid6: avx2x4   gen() 24044 MB/s
[   11.488154] raid6: avx2x4   xor() 19132 MB/s
[   11.489187] raid6: using algorithm avx2x2 gen() 25376 MB/s
[   11.490258] raid6: .... xor() 15875 MB/s, rmw enabled
[   11.491047] raid6: using avx2x2 recovery algorithm
[   11.492916] xor: automatically using best checksumming function   avx       
[   11.495148] async_tx: api initialized (async)
done.
Begin: Running /scripts/init-premount ... done.
Begin: Mounting root file system ... Begin: Running /scripts/local-top ... done.
Begin: Running /scripts/local-premount ... [   11.535174] Btrfs loaded, crc32c=crc32c-intel
Scanning for Btrfs filesystems
done.
Warning: fsck not present, so skipping root file system
[   11.563960] EXT4-fs (sda1): mounted filesystem with ordered data mode. Opts: (null)
done.
Begin: Running /scripts/local-bottom ... done.
Begin: Running /scripts/init-bottom ... done.
[   11.723207] ip_tables: (C) 2000-2006 Netfilter Core Team
[   11.732571] systemd[1]: systemd 237 running in system mode. (+PAM +AUDIT +SELINUX +IMA +APPARMOR +SMACK +SYSVINIT +UTMP +LIBCRYPTSETUP +GCRYPT +GNUTLS +ACL +XZ +LZ4 +SECCOMP +BLKID +ELFUTILS +KMOD -IDN2 +IDN -PCRE2 default-hierarchy=hybrid)
[   11.735359] systemd[1]: Detected virtualization oracle.
[   11.736105] systemd[1]: Detected architecture x86-64.

Welcome to [1mUbuntu 18.04.5 LTS[0m!

[   11.752867] systemd[1]: Set hostname to <ubuntu>.
[   11.760533] systemd[1]: Initializing machine ID from random generator.
[   11.761552] systemd[1]: Installed transient /etc/machine-id file.
[   12.003363] systemd[1]: Reached target System Time Synchronized.
[[0;32m  OK  [0m] Reached target System Time Synchronized.
[   12.006252] systemd[1]: Created slice System Slice.
[[0;32m  OK  [0m] Created slice System Slice.
[   12.007652] systemd[1]: Listening on LVM2 metadata daemon socket.
[[0;32m  OK  [0m] Listening on LVM2 metadata daemon socket.
[   12.009348] systemd[1]: Listening on Journal Socket (/dev/log).
[[0;32m  OK  [0m] Listening on Journal Socket (/dev/log).
[[0;32m  OK  [0m] Listening on LVM2 poll daemon socket.
[[0;32m  OK  [0m] Created slice system-serial\x2dgetty.slice.
[[0;32m  OK  [0m] Listening on Journal Audit Socket.
[[0;32m  OK  [0m] Listening on Syslog Socket.
[[0;32m  OK  [0m] Listening on Journal Socket.
         Mounting POSIX Message Queue File System...
         Starting Set the console keyboard layout...
         Starting Load Kernel Modules...
         Mounting Huge Pages File System...
[[0;32m  OK  [0m] Listening on udev Kernel Socket.
[[0;32m  OK  [0m] Listening on Device-mapper event daemon FIFOs.
         Starting Monitoring of LVM2 mirrors…ng dmeventd or progress polling...
[   12.055291] Loading iSCSI transport class v2.0-870.
[   12.060557] iscsi: registered transport (tcp)
[[0;32m  OK  [0m] Started Forward Password Requests to Wall Directory Watch.
[[0;32m  OK  [0m] Listening on /dev/initctl Compatibility Named Pipe.
         Starting Create list of required st…ce nodes for the current kernel...
[[0;32m  OK  [0m] Listening on udev Control Socket.
         Starting Uncomplicated firewall...
[   12.077939] iscsi: registered transport (iser)
[[0;32m  OK  [0m] Listening on Network Service Netlink Socket.
         Mounting Kernel Debug File System...
[[0;32m  OK  [0m] Created slice User and Session Slice.
         Starting Journal Service...
[[0;32m  OK  [0m] Listening on fsck to fsckd communication Socket.
         Starting File System Check on Root Device...
[[0;32m  OK  [0m] Set up automount Arbitrary Executab…rmats File System Automount Point.
[[0;32m  OK  [0m] Reached target Slices.
         Starting udev Coldplug all Devices...
[[0;32m  OK  [0m] Reached target User and Group Name Lookups.
[[0;32m  OK  [0m] Reached target Swap.
[[0;32m  OK  [0m] Started Journal Service.
[[0;32m  OK  [0m] Mounted POSIX Message Queue File System.
[[0;32m  OK  [0m] Started Load Kernel Modules.
[[0;32m  OK  [0m] Mounted Huge Pages File System.
[[0;32m  OK  [0m] Started Create list of required sta…vice nodes for the current kernel.
[[0;32m  OK  [0m] Started Uncomplicated firewall.
[[0;32m  OK  [0m] Mounted Kernel Debug File System.
[[0;32m  OK  [0m] Started File System Check on Root Device.
[[0;32m  OK  [0m] Started File System Check Daemon to report status.
[[0;32m  OK  [0m] Started LVM2 metadata daemon.
         Starting Remount Root and Kernel File Systems...
         Starting Create Static Device Nodes in /dev...
         Mounting Kernel Configuration File System...
         Mounting FUSE Control File System...
         Starting Apply Kernel Variables...
[[0;32m  OK  [0m] Mounted Kernel Configuration File System.
[[0;32m  OK  [0m] Mounted FUSE Control File System.
[[0;32m  OK  [0m] Started udev Coldplug all Devices.
[[0;32m  OK  [0m] Started Create Static Device Nodes in /dev.
[[0;32m  OK  [0m] Started Remount Root and Kernel File Systems.
[[0;32m  OK  [0m] Started Monitoring of LVM2 mirrors,…sing dmeventd or progress polling.
[[0;32m  OK  [0m] Started Apply Kernel Variables.
         Starting Flush Journal to Persistent Storage...
         Starting udev Kernel Device Manager...
         Starting Load/Save Random Seed...
[[0;32m  OK  [0m] Started Load/Save Random Seed.
[[0;32m  OK  [0m] Started udev Kernel Device Manager.
[[0;32m  OK  [0m] Started Flush Journal to Persistent Storage.
[[0;32m  OK  [0m] Found device /dev/ttyS0.
[[0;32m  OK  [0m] Listening on Load/Save RF Kill Switch Status /dev/rfkill Watch.
[[0;32m  OK  [0m] Started Set the console keyboard layout.
[[0;32m  OK  [0m] Reached target Local File Systems (Pre).
[[0;32m  OK  [0m] Reached target Local File Systems.
         Starting ebtables ruleset management...
         Starting AppArmor initialization...
         Starting Create Volatile Files and Directories...
         Starting Set console font and keymap...
         Starting Commit a transient machine-id on disk...
         Starting Tell Plymouth To Write Out Runtime Data...
[[0;32m  OK  [0m] Started Dispatch Password Requests to Console Directory Watch.
[[0;32m  OK  [0m] Reached target Local Encrypted Volumes.
[[0;32m  OK  [0m] Started Set console font and keymap.
[[0;32m  OK  [0m] Started Tell Plymouth To Write Out Runtime Data.
[[0;32m  OK  [0m] Started Create Volatile Files and Directories.
         Starting Update UTMP about System Boot/Shutdown...
[[0;32m  OK  [0m] Started Update UTMP about System Boot/Shutdown.
[[0;32m  OK  [0m] Started Commit a transient machine-id on disk.
[[0;32m  OK  [0m] Started ebtables ruleset management.
[[0;32m  OK  [0m] Started AppArmor initialization.
         Starting Load AppArmor profiles managed internally by snapd...
         Starting Initial cloud-init job (pre-networking)...
[[0;32m  OK  [0m] Started Load AppArmor profiles managed internally by snapd.
[   15.063072] cloud-init[722]: Cloud-init v. 20.4.1-0ubuntu1~18.04.1 running 'init-local' at Mon, 15 Mar 2021 17:27:52 +0000. Up 14.64 seconds.
[[0;32m  OK  [0m] Started Initial cloud-init job (pre-networking).
[[0;32m  OK  [0m] Reached target Network (Pre).
         Starting Network Service...
[[0;32m  OK  [0m] Started Network Service.
         Starting Wait for Network to be Configured...
         Starting Network Name Resolution...
[[0;32m  OK  [0m] Started Network Name Resolution.
[[0;32m  OK  [0m] Reached target Host and Network Name Lookups.
[[0;32m  OK  [0m] Reached target Network.
[[0;32m  OK  [0m] Started Wait for Network to be Configured.
         Starting Initial cloud-init job (metadata service crawler)...
[   17.143599] cloud-init[848]: Cloud-init v. 20.4.1-0ubuntu1~18.04.1 running 'init' at Mon, 15 Mar 2021 17:27:54 +0000. Up 17.02 seconds.
[   17.145192] cloud-init[848]: ci-info: ++++++++++++++++++++++++++++++++++++++Net device info++++++++++++++++++++++++++++++++++++++
[   17.156459] cloud-init[848]: ci-info: +--------+------+----------------------------+---------------+--------+-------------------+
[   17.157330] cloud-init[848]: ci-info: | Device |  Up  |          Address           |      Mask     | Scope  |     Hw-Address    |
[   17.172506] cloud-init[848]: ci-info: +--------+------+----------------------------+---------------+--------+-------------------+
[   17.188474] cloud-init[848]: ci-info: | enp0s3 | True |         10.0.2.15          | 255.255.255.0 | global | 02:c3:31:86:ce:e2 |
[   17.200171] cloud-init[848]: ci-info: | enp0s3 | True | fe80::c3:31ff:fe86:cee2/64 |       .       |  link  | 02:c3:31:86:ce:e2 |
[   17.201469] cloud-init[848]: ci-info: |   lo   | True |         127.0.0.1          |   255.0.0.0   |  host  |         .         |
[   17.202665] cloud-init[848]: ci-info: |   lo   | True |          ::1/128           |       .       |  host  |         .         |
[   17.203765] cloud-init[848]: ci-info: +--------+------+----------------------------+---------------+--------+-------------------+
[   17.216494] cloud-init[848]: ci-info: ++++++++++++++++++++++++++++Route IPv4 info+++++++++++++++++++++++++++++
[   17.217115] cloud-init[848]: ci-info: +-------+-------------+----------+-----------------+-----------+-------+
[   17.217828] cloud-init[848]: ci-info: | Route | Destination | Gateway  |     Genmask     | Interface | Flags |
[   17.218832] cloud-init[848]: ci-info: +-------+-------------+----------+-----------------+-----------+-------+
[   17.219839] cloud-init[848]: ci-info: |   0   |   0.0.0.0   | 10.0.2.2 |     0.0.0.0     |   enp0s3  |   UG  |
[   17.220913] cloud-init[848]: ci-info: |   1   |   10.0.2.0  | 0.0.0.0  |  255.255.255.0  |   enp0s3  |   U   |
[   17.221960] cloud-init[848]: ci-info: |   2   |   10.0.2.2  | 0.0.0.0  | 255.255.255.255 |   enp0s3  |   UH  |
[   17.232142] cloud-init[848]: ci-info: +-------+-------------+----------+-----------------+-----------+-------+
[   17.244325] cloud-init[848]: ci-info: +++++++++++++++++++Route IPv6 info+++++++++++++++++++
[   17.245083] cloud-init[848]: ci-info: +-------+-------------+---------+-----------+-------+
[   17.245722] cloud-init[848]: ci-info: | Route | Destination | Gateway | Interface | Flags |
[   17.262453] cloud-init[848]: ci-info: +-------+-------------+---------+-----------+-------+
[   17.263707] cloud-init[848]: ci-info: |   1   |  fe80::/64  |    ::   |   enp0s3  |   U   |
[   17.264718] cloud-init[848]: ci-info: |   3   |    local    |    ::   |   enp0s3  |   U   |
[   17.265654] cloud-init[848]: ci-info: |   4   |   ff00::/8  |    ::   |   enp0s3  |   U   |
[   17.266550] cloud-init[848]: ci-info: +-------+-------------+---------+-----------+-------+
[   17.976196] cloud-init[848]: Generating public/private rsa key pair.
[   17.988484] cloud-init[848]: Your identification has been saved in /etc/ssh/ssh_host_rsa_key.
[   18.000285] cloud-init[848]: Your public key has been saved in /etc/ssh/ssh_host_rsa_key.pub.
[   18.012768] cloud-init[848]: The key fingerprint is:
[   18.013278] cloud-init[848]: SHA256:hHlb+vh5PuCDi9xLYjR2UHiR+hEMLsNBJ2M5ZCfi0xY root@ubuntu-bionic
[   18.014238] cloud-init[848]: The key's randomart image is:
[   18.014743] cloud-init[848]: +---[RSA 2048]----+
[   18.015322] cloud-init[848]: |  .oE.++oo       |
[[   18.016093] cloud-init[848]: | . *oX.+=        |
[   18.016156] cloud-init[848]: |  o *.=oo..      |
[   18.016548] cloud-init[848]: |   o o.+.+       |
[   18.016950] cloud-init[848]: |      +.S.       |
[   18.017334] cloud-init[848]: |     o o.o.      |
[   18.017615] cloud-init[848]: |      o oo..     |
[   18.018006] cloud-init[848]: |     o =..o.o    |
[   18.018395] cloud-init[848]: |      o +oo+..   |
[   18.018811] cloud-init[848]: +----[SHA256]-----+
[   18.019189] cloud-init[848]: Generating public/private dsa key pair.
[   18.019601] cloud-init[848]: Your identification has been saved in /etc/ssh/ssh_host_dsa_key.
[   18.020289] cloud-init[848]: Your public key has been saved in /etc/ssh/ssh_host_dsa_key.pub.
[   18.020827] cloud-init[848]: The key fingerprint is:
[   18.021225] cloud-init[848]: SHA256:N1+aZmmkIRPrXD9B90TSKYSWosT6AuWBZBwohd/u02o root@ubuntu-bionic
[   18.021623] cloud-init[848]: The key's randomart image is:
[   18.022005] cloud-init[848]: +---[DSA 1024]----+
[   18.022396] cloud-init[848]: | o=+o .     +...o|
[   18.022790] cloud-init[848]: |o..o o o . + . +.|
[   18.023173] cloud-init[848]: |.. .o + o o . o .|
[   18.023586] cloud-init[848]: |  ...o . o . . o |
[   18.024001] cloud-init[848]: |   .. . S = o . .|
[   18.024452] cloud-init[848]: |    .. + = B *   |
[   18.024846] cloud-init[848]: |   . .. o . @    |
[   18.025256] cloud-init[848]: |    E .    + .   |
[   18.025676] cloud-init[848]: |   ..o           |
[   18.026094] cloud-init[848]: +----[SHA256]-----+
[   18.026506] cloud-init[848]: Generating public/private ecdsa key pair.
[   18.026920] cloud-init[848]: Your identification has been saved in /etc/ssh/ssh_host_ecdsa_key.
[   18.027305] cloud-init[848]: Your public key has been saved in /etc/ssh/ssh_host_ecdsa_key.pub.
[   18.027705] cloud-init[848]: The key fingerprint is:
[   18.028256] cloud-init[848]: SHA256:GuW/zAc72NpOz7CHLZT9Gh9DRu3ilOOShWYmPv229es root@ubuntu-bionic
[   18.028665] cloud-init[848]: The key's randomart image is:
[   18.029057] cloud-init[848]: +---[ECDSA 256]---+
[   18.029475] cloud-init[848]: |                 |
[   18.029867] cloud-init[848]: |               . |
[   18.030277] cloud-init[848]: |        .     . .|
[   18.030686] cloud-init[848]: |       o     o o |
[   18.031090] cloud-init[848]: |      . S .o= O .|
[   18.031511] cloud-init[848]: |       o o+*.O o |
[   18.031909] cloud-init[848]: |      .  +*==.= .|
[   18.032465] cloud-init[848]: |        .=*B+=o+.|
[   18.032854] cloud-init[848]: |        .oB=+o=Eo|
[   18.033260] cloud-init[848]: +----[SHA256]-----+
[   18.033673] cloud-init[848]: Generating public/private ed25519 key pair.
[   18.034078] cloud-init[848]: Your identification has been saved in /etc/ssh/ssh_host_ed25519_key.
[   18.034490] cloud-init[848]: Your public key has been saved in /etc/ssh/ssh_host_ed25519_key.pub.
[   18.034886] cloud-init[848]: The key fingerprint is:
[   18.035307] cloud-init[848]: SHA256:MIhOPDSFED/LT+MqM9TsCD5x9v1a3iY5DjwrQbrNMgM root@ubuntu-bionic
[   18.035702] cloud-init[848]: The key's randomart image is:
[   18.036252] cloud-init[848]: +--[ED25519 256]--+
[   18.036646] cloud-init[848]: |oooo.            |
[   18.037051] cloud-init[848]: | +.o .           |
[   18.037639] cloud-init[848]: |  B . o          |
[   18.038049] cloud-init[848]: | + + . o         |
[   18.038600] cloud-init[848]: |  * =   S        |
[   18.039021] cloud-init[848]: |.E X o.          |
[   18.039308] cloud-init[848]: |+ B B o+ ..      |
[   18.039451] cloud-init[848]: |++ B = .*+..     |
[   18.039632] cloud-init[848]: | +o + .o+++.     |
[   18.039756] cloud-init[848]: +----[SHA256]-----+
[0;32m  OK  [0m] Started Initial cloud-init job (metadata service crawler).
[[0;32m  OK  [0m] Reached target Cloud-config availability.
[[0;32m  OK  [0m] Reached target Network is Online.
         Starting Availability of block devices...
[[0;32m  OK  [0m] Reached target Remote File Systems (Pre).
[[0;32m  OK  [0m] Reached target Remote File Systems.
[[0;32m  OK  [0m] Reached target System Initialization.
[[0;32m  OK  [0m] Listening on D-Bus System Message Bus Socket.
[[0;32m  OK  [0m] Started Discard unused blocks once a week.
[[0;32m  OK  [0m] Started Message of the Day.
[[0;32m  OK  [0m] Listening on ACPID Listen Socket.
[[0;32m  OK  [0m] Started ACPI Events Check.
         Starting LXD - unix socket.
[[0;32m  OK  [0m] Started Daily Cleanup of Temporary Directories.
         Starting Socket activation for snappy daemon.
[[0;32m  OK  [0m] Reached target Paths.
[[0;32m  OK  [0m] Started Daily apt download activities.
[[0;32m  OK  [0m] Started Daily apt upgrade and clean activities.
[[0;32m  OK  [0m] Reached target Timers.
[[0;32m  OK  [0m] Listening on UUID daemon activation socket.
[[0;32m  OK  [0m] Listening on Open-iSCSI iscsid Socket.
[[0;32m  OK  [0m] Started Availability of block devices.
[[0;32m  OK  [0m] Listening on LXD - unix socket.
[[0;32m  OK  [0m] Listening on Socket activation for snappy daemon.
[[0;32m  OK  [0m] Reached target Sockets.
[[0;32m  OK  [0m] Reached target Basic System.
         Starting LSB: automatic crash report generation...
[[0;32m  OK  [0m] Started Regular background program processing daemon.
[[0;32m  OK  [0m] Started D-Bus System Message Bus.
         Starting Dispatcher daemon for systemd-networkd...
         Starting Accounts Service...
         Starting LSB: Record successful boot for GRUB...
         Starting Login Service...
[[0;32m  OK  [0m] Started irqbalance daemon.
[[0;32m  OK  [0m] Started FUSE filesystem for LXC.
         Starting Pollinate to seed the pseudo random number generator...
         Starting Snap Daemon...
         Starting Permit User Sessions...
         Starting Virtualbox guest utils...
[[0;32m  OK  [0m] Started Deferred execution scheduler.
         Starting System Logging Service...
         Starting LXD - container startup/shutdown...
[[0;32m  OK  [0m] Started Login Service.
[[0;32m  OK  [0m] Started Unattended Upgrades Shutdown.
[[0;32m  OK  [0m] Started Permit User Sessions.
         Starting Hold until boot process finishes up...
         Starting Terminate Plymouth Boot Screen...
[[0;32m  OK  [0m] Started System Logging Service.
[[0;32m  OK  [0m] Started Hold until boot process finishes up.
[[0;32m  OK  [0m] Started Terminate Plymouth Boot Screen.
         Starting Set console scheme...
[[0;32m  OK  [0m] Started Serial Getty on ttyS0.
[[0;32m  OK  [0m] Started Set console scheme.
[[0;32m  OK  [0m] Created slice system-getty.slice.
[[0;32m  OK  [0m] Started Getty on tty1.
[[0;32m  OK  [0m] Reached target Login Prompts.
         Starting Authorization Manager...
[[0;32m  OK  [0m] Started LSB: automatic crash report generation.
[[0;32m  OK  [0m] Started Authorization Manager.
[[0;32m  OK  [0m] Started Accounts Service.
[[0;32m  OK  [0m] Started LSB: Record successful boot for GRUB.
[[0;32m  OK  [0m] Started Virtualbox guest utils.
[[0;32m  OK  [0m] Started LXD - container startup/shutdown.
[[0;32m  OK  [0m] Started Dispatcher daemon for systemd-networkd.
[[0;32m  OK  [0m] Started Snap Daemon.
         Starting Wait until snapd is fully seeded...
[[0;32m  OK  [0m] Started Pollinate to seed the pseudo random number generator.
         Starting OpenBSD Secure Shell server...
[[0;32m  OK  [0m] Started OpenBSD Secure Shell server.
[[0;32m  OK  [0m] Created slice User Slice of vagrant.
         Starting User Manager for UID 1000...
[[0;32m  OK  [0m] Started Session 1 of user vagrant.
[[0;32m  OK  [0m] Started User Manager for UID 1000.
[[0;32m  OK  [0m] Started Wait until snapd is fully seeded.
[[0;32m  OK  [0m] Reached target Multi-User System.
[[0;32m  OK  [0m] Reached target Graphical Interface.
         Starting Update UTMP about System Runlevel Changes...
         Starting Apply the settings specified in cloud-config...
[[0;32m  OK  [0m] Started Update UTMP about System Runlevel Changes.
[   21.378504] cloud-init[1464]: Cloud-init v. 20.4.1-0ubuntu1~18.04.1 running 'modules:config' at Mon, 15 Mar 2021 17:27:58 +0000. Up 20.95 seconds.
[[0;32m  OK  [0m] Started Apply the settings specified in cloud-config.
         Starting Execute cloud user/final scripts...
ci-info: no authorized SSH keys fingerprints found for user ubuntu.
<14>Mar 15 17:27:59 ec2: 
<14>Mar 15 17:27:59 ec2: #############################################################
<14>Mar 15 17:27:59 ec2: -----BEGIN SSH HOST KEY FINGERPRINTS-----
<14>Mar 15 17:27:59 ec2: 1024 SHA256:N1+aZmmkIRPrXD9B90TSKYSWosT6AuWBZBwohd/u02o root@ubuntu-bionic (DSA)
<14>Mar 15 17:27:59 ec2: 256 SHA256:GuW/zAc72NpOz7CHLZT9Gh9DRu3ilOOShWYmPv229es root@ubuntu-bionic (ECDSA)
<14>Mar 15 17:27:59 ec2: 256 SHA256:MIhOPDSFED/LT+MqM9TsCD5x9v1a3iY5DjwrQbrNMgM root@ubuntu-bionic (ED25519)
<14>Mar 15 17:27:59 ec2: 2048 SHA256:hHlb+vh5PuCDi9xLYjR2UHiR+hEMLsNBJ2M5ZCfi0xY root@ubuntu-bionic (RSA)
<14>Mar 15 17:27:59 ec2: -----END SSH HOST KEY FINGERPRINTS-----
<14>Mar 15 17:27:59 ec2: #############################################################
-----BEGIN SSH HOST KEY KEYS-----
ecdsa-sha2-nistp256 AAAAE2VjZHNhLXNoYTItbmlzdHAyNTYAAAAIbmlzdHAyNTYAAABBBEoCQqNyIeM4SiFEsqdRpJCJtsxSRQZF02TxNHAeibfWXX4gyHjw5OYeq1OhBkIgCqUacmIAxFyz5yaURhQAVVU= root@ubuntu-bionic
ssh-ed25519 AAAAC3NzaC1lZDI1NTE5AAAAIONcKFm0LIpTZwWRrXugsKiAY2CYWOmDCnFfpOLjTLj6 root@ubuntu-bionic
ssh-rsa AAAAB3NzaC1yc2EAAAADAQABAAABAQDTtWi6hYHZabJOgykfdSgJaY6CkT1XTpz0+WytDBfCqG9lSLnLXoQhAjlcSv6cY+0Ide905L2SR1D5zphcBHOU61I3Q+kokB4FNNUCjVroZ7/F47y7MZb4FMbmau2+yNqYvdQMSvPN4jq8XJFnq3KWlQf9OMYOkQ4FE/h2V8b4TMqRK+ozmOwZQu5iUpYaK5rScocm8OeKc4eWPC+hoYWArulTmxd+gGXY/nmPinPO40CZhlDQbnEwI9BCjS3dhiutQNyrwtbGXhwIKXoa0mizhX0G0LBlY8qiKovdih8/1zzyNs2JEzLzVJ8+VeinPlwRpbjz9B45uuQV2S2SOjo/ root@ubuntu-bionic
-----END SSH HOST KEY KEYS-----
[   22.195808] cloud-init[1547]: Cloud-init v. 20.4.1-0ubuntu1~18.04.1 running 'modules:final' at Mon, 15 Mar 2021 17:27:59 +0000. Up 21.88 seconds.
[   22.208433] cloud-init[1547]: ci-info: no authorized SSH keys fingerprints found for user ubuntu.
[   22.220699] cloud-init[1547]: Cloud-init v. 20.4.1-0ubuntu1~18.04.1 finished at Mon, 15 Mar 2021 17:28:00 +0000. Datasource DataSourceNoCloud [seed=/dev/sdb][dsmode=net].  Up 22.18 seconds
[[0;32m  OK  [0m] Started Execute cloud user/final scripts.
[[0;32m  OK  [0m] Reached target Cloud-init target.

Ubuntu 18.04.5 LTS ubuntu-bionic ttyS0

ubuntu-bionic login: 